ERROR:app:Exception on /login [POST]
Traceback (most recent call last):
  File "C:\Users\Administrator\AppData\Local\Programs\Python\Python312\Lib\site-packages\flask\app.py", line 1473, in wsgi_app
    response = self.full_dispatch_request()
               ^^^^^^^^^^^^^^^^^^^^^^^^^^^^
  File "C:\Users\Administrator\AppData\Local\Programs\Python\Python312\Lib\site-packages\flask\app.py", line 882, in full_dispatch_request
    rv = self.handle_user_exception(e)
         ^^^^^^^^^^^^^^^^^^^^^^^^^^^^^
  File "C:\Users\Administrator\AppData\Local\Programs\Python\Python312\Lib\site-packages\flask\app.py", line 880, in full_dispatch_request
    rv = self.dispatch_request()
         ^^^^^^^^^^^^^^^^^^^^^^^
  File "C:\Users\Administrator\AppData\Local\Programs\Python\Python312\Lib\site-packages\flask\app.py", line 865, in dispatch_request
    return self.ensure_sync(self.view_functions[rule.endpoint])(**view_args)  # type: ignore[no-any-return]
           ^^^^^^^^^^^^^^^^^^^^^^^^^^^^^^^^^^^^^^^^^^^^^^^^^^^^^^^^^^^^^^^^^
  File "C:\Users\Administrator\AppData\Local\Programs\Python\Python312\Lib\site-packages\flask_limiter\extension.py", line 1303, in __inner
    return cast(R, flask.current_app.ensure_sync(obj)(*a, **k))
                   ^^^^^^^^^^^^^^^^^^^^^^^^^^^^^^^^^^^^^^^^^^^
  File "C:\Users\Administrator\Documents\Flask3\app.py", line 112, in login
    if user_data and bcrypt.checkpw(password.encode('utf-8'), user_data['password'].encode('utf-8')):
                     ^^^^^^^^^^^^^^^^^^^^^^^^^^^^^^^^^^^^^^^^^^^^^^^^^^^^^^^^^^^^^^^^^^^^^^^^^^^^^^^
ValueError: Invalid salt
ERROR:app:Exception on /login [POST]
Traceback (most recent call last):
  File "C:\Users\Administrator\AppData\Local\Programs\Python\Python312\Lib\site-packages\flask\app.py", line 1473, in wsgi_app
    response = self.full_dispatch_request()
               ^^^^^^^^^^^^^^^^^^^^^^^^^^^^
  File "C:\Users\Administrator\AppData\Local\Programs\Python\Python312\Lib\site-packages\flask\app.py", line 882, in full_dispatch_request
    rv = self.handle_user_exception(e)
         ^^^^^^^^^^^^^^^^^^^^^^^^^^^^^
  File "C:\Users\Administrator\AppData\Local\Programs\Python\Python312\Lib\site-packages\flask\app.py", line 880, in full_dispatch_request
    rv = self.dispatch_request()
         ^^^^^^^^^^^^^^^^^^^^^^^
  File "C:\Users\Administrator\AppData\Local\Programs\Python\Python312\Lib\site-packages\flask\app.py", line 865, in dispatch_request
    return self.ensure_sync(self.view_functions[rule.endpoint])(**view_args)  # type: ignore[no-any-return]
           ^^^^^^^^^^^^^^^^^^^^^^^^^^^^^^^^^^^^^^^^^^^^^^^^^^^^^^^^^^^^^^^^^
  File "C:\Users\Administrator\AppData\Local\Programs\Python\Python312\Lib\site-packages\flask_limiter\extension.py", line 1303, in __inner
    return cast(R, flask.current_app.ensure_sync(obj)(*a, **k))
                   ^^^^^^^^^^^^^^^^^^^^^^^^^^^^^^^^^^^^^^^^^^^
  File "C:\Users\Administrator\Documents\Flask3\app.py", line 112, in login
    if user_data and bcrypt.checkpw(password.encode('utf-8'), user_data['password'].encode('utf-8')):
                     ^^^^^^^^^^^^^^^^^^^^^^^^^^^^^^^^^^^^^^^^^^^^^^^^^^^^^^^^^^^^^^^^^^^^^^^^^^^^^^^
ValueError: Invalid salt
ERROR:app:Exception on /login [POST]
Traceback (most recent call last):
  File "C:\Users\Administrator\AppData\Local\Programs\Python\Python312\Lib\site-packages\flask\app.py", line 1473, in wsgi_app
    response = self.full_dispatch_request()
               ^^^^^^^^^^^^^^^^^^^^^^^^^^^^
  File "C:\Users\Administrator\AppData\Local\Programs\Python\Python312\Lib\site-packages\flask\app.py", line 882, in full_dispatch_request
    rv = self.handle_user_exception(e)
         ^^^^^^^^^^^^^^^^^^^^^^^^^^^^^
  File "C:\Users\Administrator\AppData\Local\Programs\Python\Python312\Lib\site-packages\flask\app.py", line 880, in full_dispatch_request
    rv = self.dispatch_request()
         ^^^^^^^^^^^^^^^^^^^^^^^
  File "C:\Users\Administrator\AppData\Local\Programs\Python\Python312\Lib\site-packages\flask\app.py", line 865, in dispatch_request
    return self.ensure_sync(self.view_functions[rule.endpoint])(**view_args)  # type: ignore[no-any-return]
           ^^^^^^^^^^^^^^^^^^^^^^^^^^^^^^^^^^^^^^^^^^^^^^^^^^^^^^^^^^^^^^^^^
  File "C:\Users\Administrator\AppData\Local\Programs\Python\Python312\Lib\site-packages\flask_limiter\extension.py", line 1303, in __inner
    return cast(R, flask.current_app.ensure_sync(obj)(*a, **k))
                   ^^^^^^^^^^^^^^^^^^^^^^^^^^^^^^^^^^^^^^^^^^^
  File "C:\Users\Administrator\Documents\Flask3\app.py", line 112, in login
    if user_data and bcrypt.checkpw(password.encode('utf-8'), user_data['password'].encode('utf-8')):
                     ^^^^^^^^^^^^^^^^^^^^^^^^^^^^^^^^^^^^^^^^^^^^^^^^^^^^^^^^^^^^^^^^^^^^^^^^^^^^^^^
ValueError: Invalid salt
ERROR:app:Exception on /login [POST]
Traceback (most recent call last):
  File "C:\Users\Administrator\AppData\Local\Programs\Python\Python312\Lib\site-packages\flask\app.py", line 1473, in wsgi_app
    response = self.full_dispatch_request()
               ^^^^^^^^^^^^^^^^^^^^^^^^^^^^
  File "C:\Users\Administrator\AppData\Local\Programs\Python\Python312\Lib\site-packages\flask\app.py", line 882, in full_dispatch_request
    rv = self.handle_user_exception(e)
         ^^^^^^^^^^^^^^^^^^^^^^^^^^^^^
  File "C:\Users\Administrator\AppData\Local\Programs\Python\Python312\Lib\site-packages\flask\app.py", line 880, in full_dispatch_request
    rv = self.dispatch_request()
         ^^^^^^^^^^^^^^^^^^^^^^^
  File "C:\Users\Administrator\AppData\Local\Programs\Python\Python312\Lib\site-packages\flask\app.py", line 865, in dispatch_request
    return self.ensure_sync(self.view_functions[rule.endpoint])(**view_args)  # type: ignore[no-any-return]
           ^^^^^^^^^^^^^^^^^^^^^^^^^^^^^^^^^^^^^^^^^^^^^^^^^^^^^^^^^^^^^^^^^
  File "C:\Users\Administrator\AppData\Local\Programs\Python\Python312\Lib\site-packages\flask_limiter\extension.py", line 1303, in __inner
    return cast(R, flask.current_app.ensure_sync(obj)(*a, **k))
                   ^^^^^^^^^^^^^^^^^^^^^^^^^^^^^^^^^^^^^^^^^^^
  File "C:\Users\Administrator\Documents\Flask3\app.py", line 112, in login
    if user_data and bcrypt.checkpw(password.encode('utf-8'), user_data['password'].encode('utf-8')):
                     ^^^^^^^^^^^^^^^^^^^^^^^^^^^^^^^^^^^^^^^^^^^^^^^^^^^^^^^^^^^^^^^^^^^^^^^^^^^^^^^
ValueError: Invalid salt
ERROR:app:Exception on /login [POST]
Traceback (most recent call last):
  File "C:\Users\Administrator\AppData\Local\Programs\Python\Python312\Lib\site-packages\flask\app.py", line 1473, in wsgi_app
    response = self.full_dispatch_request()
               ^^^^^^^^^^^^^^^^^^^^^^^^^^^^
  File "C:\Users\Administrator\AppData\Local\Programs\Python\Python312\Lib\site-packages\flask\app.py", line 882, in full_dispatch_request
    rv = self.handle_user_exception(e)
         ^^^^^^^^^^^^^^^^^^^^^^^^^^^^^
  File "C:\Users\Administrator\AppData\Local\Programs\Python\Python312\Lib\site-packages\flask\app.py", line 880, in full_dispatch_request
    rv = self.dispatch_request()
         ^^^^^^^^^^^^^^^^^^^^^^^
  File "C:\Users\Administrator\AppData\Local\Programs\Python\Python312\Lib\site-packages\flask\app.py", line 865, in dispatch_request
    return self.ensure_sync(self.view_functions[rule.endpoint])(**view_args)  # type: ignore[no-any-return]
           ^^^^^^^^^^^^^^^^^^^^^^^^^^^^^^^^^^^^^^^^^^^^^^^^^^^^^^^^^^^^^^^^^
  File "C:\Users\Administrator\AppData\Local\Programs\Python\Python312\Lib\site-packages\flask_limiter\extension.py", line 1303, in __inner
    return cast(R, flask.current_app.ensure_sync(obj)(*a, **k))
                   ^^^^^^^^^^^^^^^^^^^^^^^^^^^^^^^^^^^^^^^^^^^
  File "C:\Users\Administrator\Documents\Flask3\app.py", line 112, in login
    if user_data and bcrypt.checkpw(password.encode('utf-8'), user_data['password'].encode('utf-8')):
                     ^^^^^^^^^^^^^^^^^^^^^^^^^^^^^^^^^^^^^^^^^^^^^^^^^^^^^^^^^^^^^^^^^^^^^^^^^^^^^^^
ValueError: Invalid salt
ERROR:app:Exception on /login [POST]
Traceback (most recent call last):
  File "C:\Users\Administrator\AppData\Local\Programs\Python\Python312\Lib\site-packages\redis\connection.py", line 277, in connect
    sock = self.retry.call_with_retry(
           ^^^^^^^^^^^^^^^^^^^^^^^^^^^
  File "C:\Users\Administrator\AppData\Local\Programs\Python\Python312\Lib\site-packages\redis\retry.py", line 62, in call_with_retry
    return do()
           ^^^^
  File "C:\Users\Administrator\AppData\Local\Programs\Python\Python312\Lib\site-packages\redis\connection.py", line 278, in <lambda>
    lambda: self._connect(), lambda error: self.disconnect(error)
            ^^^^^^^^^^^^^^^
  File "C:\Users\Administrator\AppData\Local\Programs\Python\Python312\Lib\site-packages\redis\connection.py", line 639, in _connect
    raise err
  File "C:\Users\Administrator\AppData\Local\Programs\Python\Python312\Lib\site-packages\redis\connection.py", line 627, in _connect
    sock.connect(socket_address)
ConnectionRefusedError: [WinError 10061] No connection could be made because the target machine actively refused it

During handling of the above exception, another exception occurred:

Traceback (most recent call last):
  File "C:\Users\Administrator\AppData\Local\Programs\Python\Python312\Lib\site-packages\flask\app.py", line 1473, in wsgi_app
    response = self.full_dispatch_request()
               ^^^^^^^^^^^^^^^^^^^^^^^^^^^^
  File "C:\Users\Administrator\AppData\Local\Programs\Python\Python312\Lib\site-packages\flask\app.py", line 882, in full_dispatch_request
    rv = self.handle_user_exception(e)
         ^^^^^^^^^^^^^^^^^^^^^^^^^^^^^
  File "C:\Users\Administrator\AppData\Local\Programs\Python\Python312\Lib\site-packages\flask\app.py", line 878, in full_dispatch_request
    rv = self.preprocess_request()
         ^^^^^^^^^^^^^^^^^^^^^^^^^
  File "C:\Users\Administrator\AppData\Local\Programs\Python\Python312\Lib\site-packages\flask\app.py", line 1253, in preprocess_request
    rv = self.ensure_sync(before_func)()
         ^^^^^^^^^^^^^^^^^^^^^^^^^^^^^^^
  File "C:\Users\Administrator\AppData\Local\Programs\Python\Python312\Lib\site-packages\flask_limiter\extension.py", line 1176, in _check_request_limit
    raise e
  File "C:\Users\Administrator\AppData\Local\Programs\Python\Python312\Lib\site-packages\flask_limiter\extension.py", line 1157, in _check_request_limit
    self.__evaluate_limits(endpoint, all_limits)
  File "C:\Users\Administrator\AppData\Local\Programs\Python\Python312\Lib\site-packages\flask_limiter\extension.py", line 1094, in __evaluate_limits
    if not method(lim.limit, *args, **kwargs):
           ^^^^^^^^^^^^^^^^^^^^^^^^^^^^^^^^^^
  File "C:\Users\Administrator\AppData\Local\Programs\Python\Python312\Lib\site-packages\limits\strategies.py", line 140, in hit
    self.storage.incr(
  File "C:\Users\Administrator\AppData\Local\Programs\Python\Python312\Lib\site-packages\limits\storage\base.py", line 27, in inner
    return fn(*args, **kwargs)
           ^^^^^^^^^^^^^^^^^^^
  File "C:\Users\Administrator\AppData\Local\Programs\Python\Python312\Lib\site-packages\limits\storage\redis.py", line 209, in incr
    return int(self.lua_incr_expire([key], [expiry, amount]))
               ^^^^^^^^^^^^^^^^^^^^^^^^^^^^^^^^^^^^^^^^^^^^^
  File "C:\Users\Administrator\AppData\Local\Programs\Python\Python312\Lib\site-packages\redis\commands\core.py", line 6296, in __call__
    return client.evalsha(self.sha, len(keys), *args)
           ^^^^^^^^^^^^^^^^^^^^^^^^^^^^^^^^^^^^^^^^^^
  File "C:\Users\Administrator\AppData\Local\Programs\Python\Python312\Lib\site-packages\redis\commands\core.py", line 5672, in evalsha
    return self._evalsha("EVALSHA", sha, numkeys, *keys_and_args)
           ^^^^^^^^^^^^^^^^^^^^^^^^^^^^^^^^^^^^^^^^^^^^^^^^^^^^^^
  File "C:\Users\Administrator\AppData\Local\Programs\Python\Python312\Lib\site-packages\redis\commands\core.py", line 5656, in _evalsha
    return self.execute_command(command, sha, numkeys, *keys_and_args)
           ^^^^^^^^^^^^^^^^^^^^^^^^^^^^^^^^^^^^^^^^^^^^^^^^^^^^^^^^^^^
  File "C:\Users\Administrator\AppData\Local\Programs\Python\Python312\Lib\site-packages\redis\client.py", line 545, in execute_command
    conn = self.connection or pool.get_connection(command_name, **options)
                              ^^^^^^^^^^^^^^^^^^^^^^^^^^^^^^^^^^^^^^^^^^^^
  File "C:\Users\Administrator\AppData\Local\Programs\Python\Python312\Lib\site-packages\redis\connection.py", line 1074, in get_connection
    connection.connect()
  File "C:\Users\Administrator\AppData\Local\Programs\Python\Python312\Lib\site-packages\redis\connection.py", line 283, in connect
    raise ConnectionError(self._error_message(e))
redis.exceptions.ConnectionError: Error 10061 connecting to localhost:6379. No connection could be made because the target machine actively refused it.
ERROR:app:Exception on /login [POST]
Traceback (most recent call last):
  File "C:\Users\Administrator\AppData\Local\Programs\Python\Python312\Lib\site-packages\redis\connection.py", line 277, in connect
    sock = self.retry.call_with_retry(
           ^^^^^^^^^^^^^^^^^^^^^^^^^^^
  File "C:\Users\Administrator\AppData\Local\Programs\Python\Python312\Lib\site-packages\redis\retry.py", line 62, in call_with_retry
    return do()
           ^^^^
  File "C:\Users\Administrator\AppData\Local\Programs\Python\Python312\Lib\site-packages\redis\connection.py", line 278, in <lambda>
    lambda: self._connect(), lambda error: self.disconnect(error)
            ^^^^^^^^^^^^^^^
  File "C:\Users\Administrator\AppData\Local\Programs\Python\Python312\Lib\site-packages\redis\connection.py", line 639, in _connect
    raise err
  File "C:\Users\Administrator\AppData\Local\Programs\Python\Python312\Lib\site-packages\redis\connection.py", line 627, in _connect
    sock.connect(socket_address)
ConnectionRefusedError: [WinError 10061] No connection could be made because the target machine actively refused it

During handling of the above exception, another exception occurred:

Traceback (most recent call last):
  File "C:\Users\Administrator\AppData\Local\Programs\Python\Python312\Lib\site-packages\flask\app.py", line 1473, in wsgi_app
    response = self.full_dispatch_request()
               ^^^^^^^^^^^^^^^^^^^^^^^^^^^^
  File "C:\Users\Administrator\AppData\Local\Programs\Python\Python312\Lib\site-packages\flask\app.py", line 882, in full_dispatch_request
    rv = self.handle_user_exception(e)
         ^^^^^^^^^^^^^^^^^^^^^^^^^^^^^
  File "C:\Users\Administrator\AppData\Local\Programs\Python\Python312\Lib\site-packages\flask\app.py", line 878, in full_dispatch_request
    rv = self.preprocess_request()
         ^^^^^^^^^^^^^^^^^^^^^^^^^
  File "C:\Users\Administrator\AppData\Local\Programs\Python\Python312\Lib\site-packages\flask\app.py", line 1253, in preprocess_request
    rv = self.ensure_sync(before_func)()
         ^^^^^^^^^^^^^^^^^^^^^^^^^^^^^^^
  File "C:\Users\Administrator\AppData\Local\Programs\Python\Python312\Lib\site-packages\flask_limiter\extension.py", line 1176, in _check_request_limit
    raise e
  File "C:\Users\Administrator\AppData\Local\Programs\Python\Python312\Lib\site-packages\flask_limiter\extension.py", line 1157, in _check_request_limit
    self.__evaluate_limits(endpoint, all_limits)
  File "C:\Users\Administrator\AppData\Local\Programs\Python\Python312\Lib\site-packages\flask_limiter\extension.py", line 1094, in __evaluate_limits
    if not method(lim.limit, *args, **kwargs):
           ^^^^^^^^^^^^^^^^^^^^^^^^^^^^^^^^^^
  File "C:\Users\Administrator\AppData\Local\Programs\Python\Python312\Lib\site-packages\limits\strategies.py", line 140, in hit
    self.storage.incr(
  File "C:\Users\Administrator\AppData\Local\Programs\Python\Python312\Lib\site-packages\limits\storage\base.py", line 27, in inner
    return fn(*args, **kwargs)
           ^^^^^^^^^^^^^^^^^^^
  File "C:\Users\Administrator\AppData\Local\Programs\Python\Python312\Lib\site-packages\limits\storage\redis.py", line 209, in incr
    return int(self.lua_incr_expire([key], [expiry, amount]))
               ^^^^^^^^^^^^^^^^^^^^^^^^^^^^^^^^^^^^^^^^^^^^^
  File "C:\Users\Administrator\AppData\Local\Programs\Python\Python312\Lib\site-packages\redis\commands\core.py", line 6296, in __call__
    return client.evalsha(self.sha, len(keys), *args)
           ^^^^^^^^^^^^^^^^^^^^^^^^^^^^^^^^^^^^^^^^^^
  File "C:\Users\Administrator\AppData\Local\Programs\Python\Python312\Lib\site-packages\redis\commands\core.py", line 5672, in evalsha
    return self._evalsha("EVALSHA", sha, numkeys, *keys_and_args)
           ^^^^^^^^^^^^^^^^^^^^^^^^^^^^^^^^^^^^^^^^^^^^^^^^^^^^^^
  File "C:\Users\Administrator\AppData\Local\Programs\Python\Python312\Lib\site-packages\redis\commands\core.py", line 5656, in _evalsha
    return self.execute_command(command, sha, numkeys, *keys_and_args)
           ^^^^^^^^^^^^^^^^^^^^^^^^^^^^^^^^^^^^^^^^^^^^^^^^^^^^^^^^^^^
  File "C:\Users\Administrator\AppData\Local\Programs\Python\Python312\Lib\site-packages\redis\client.py", line 545, in execute_command
    conn = self.connection or pool.get_connection(command_name, **options)
                              ^^^^^^^^^^^^^^^^^^^^^^^^^^^^^^^^^^^^^^^^^^^^
  File "C:\Users\Administrator\AppData\Local\Programs\Python\Python312\Lib\site-packages\redis\connection.py", line 1074, in get_connection
    connection.connect()
  File "C:\Users\Administrator\AppData\Local\Programs\Python\Python312\Lib\site-packages\redis\connection.py", line 283, in connect
    raise ConnectionError(self._error_message(e))
redis.exceptions.ConnectionError: Error 10061 connecting to localhost:6379. No connection could be made because the target machine actively refused it.
ERROR:app:Exception on /login [POST]
Traceback (most recent call last):
  File "C:\Users\Administrator\AppData\Local\Programs\Python\Python312\Lib\site-packages\redis\connection.py", line 277, in connect
    sock = self.retry.call_with_retry(
           ^^^^^^^^^^^^^^^^^^^^^^^^^^^
  File "C:\Users\Administrator\AppData\Local\Programs\Python\Python312\Lib\site-packages\redis\retry.py", line 62, in call_with_retry
    return do()
           ^^^^
  File "C:\Users\Administrator\AppData\Local\Programs\Python\Python312\Lib\site-packages\redis\connection.py", line 278, in <lambda>
    lambda: self._connect(), lambda error: self.disconnect(error)
            ^^^^^^^^^^^^^^^
  File "C:\Users\Administrator\AppData\Local\Programs\Python\Python312\Lib\site-packages\redis\connection.py", line 639, in _connect
    raise err
  File "C:\Users\Administrator\AppData\Local\Programs\Python\Python312\Lib\site-packages\redis\connection.py", line 627, in _connect
    sock.connect(socket_address)
ConnectionRefusedError: [WinError 10061] No connection could be made because the target machine actively refused it

During handling of the above exception, another exception occurred:

Traceback (most recent call last):
  File "C:\Users\Administrator\AppData\Local\Programs\Python\Python312\Lib\site-packages\flask\app.py", line 1473, in wsgi_app
    response = self.full_dispatch_request()
               ^^^^^^^^^^^^^^^^^^^^^^^^^^^^
  File "C:\Users\Administrator\AppData\Local\Programs\Python\Python312\Lib\site-packages\flask\app.py", line 882, in full_dispatch_request
    rv = self.handle_user_exception(e)
         ^^^^^^^^^^^^^^^^^^^^^^^^^^^^^
  File "C:\Users\Administrator\AppData\Local\Programs\Python\Python312\Lib\site-packages\flask\app.py", line 878, in full_dispatch_request
    rv = self.preprocess_request()
         ^^^^^^^^^^^^^^^^^^^^^^^^^
  File "C:\Users\Administrator\AppData\Local\Programs\Python\Python312\Lib\site-packages\flask\app.py", line 1253, in preprocess_request
    rv = self.ensure_sync(before_func)()
         ^^^^^^^^^^^^^^^^^^^^^^^^^^^^^^^
  File "C:\Users\Administrator\AppData\Local\Programs\Python\Python312\Lib\site-packages\flask_limiter\extension.py", line 1176, in _check_request_limit
    raise e
  File "C:\Users\Administrator\AppData\Local\Programs\Python\Python312\Lib\site-packages\flask_limiter\extension.py", line 1157, in _check_request_limit
    self.__evaluate_limits(endpoint, all_limits)
  File "C:\Users\Administrator\AppData\Local\Programs\Python\Python312\Lib\site-packages\flask_limiter\extension.py", line 1094, in __evaluate_limits
    if not method(lim.limit, *args, **kwargs):
           ^^^^^^^^^^^^^^^^^^^^^^^^^^^^^^^^^^
  File "C:\Users\Administrator\AppData\Local\Programs\Python\Python312\Lib\site-packages\limits\strategies.py", line 140, in hit
    self.storage.incr(
  File "C:\Users\Administrator\AppData\Local\Programs\Python\Python312\Lib\site-packages\limits\storage\base.py", line 27, in inner
    return fn(*args, **kwargs)
           ^^^^^^^^^^^^^^^^^^^
  File "C:\Users\Administrator\AppData\Local\Programs\Python\Python312\Lib\site-packages\limits\storage\redis.py", line 209, in incr
    return int(self.lua_incr_expire([key], [expiry, amount]))
               ^^^^^^^^^^^^^^^^^^^^^^^^^^^^^^^^^^^^^^^^^^^^^
  File "C:\Users\Administrator\AppData\Local\Programs\Python\Python312\Lib\site-packages\redis\commands\core.py", line 6296, in __call__
    return client.evalsha(self.sha, len(keys), *args)
           ^^^^^^^^^^^^^^^^^^^^^^^^^^^^^^^^^^^^^^^^^^
  File "C:\Users\Administrator\AppData\Local\Programs\Python\Python312\Lib\site-packages\redis\commands\core.py", line 5672, in evalsha
    return self._evalsha("EVALSHA", sha, numkeys, *keys_and_args)
           ^^^^^^^^^^^^^^^^^^^^^^^^^^^^^^^^^^^^^^^^^^^^^^^^^^^^^^
  File "C:\Users\Administrator\AppData\Local\Programs\Python\Python312\Lib\site-packages\redis\commands\core.py", line 5656, in _evalsha
    return self.execute_command(command, sha, numkeys, *keys_and_args)
           ^^^^^^^^^^^^^^^^^^^^^^^^^^^^^^^^^^^^^^^^^^^^^^^^^^^^^^^^^^^
  File "C:\Users\Administrator\AppData\Local\Programs\Python\Python312\Lib\site-packages\redis\client.py", line 545, in execute_command
    conn = self.connection or pool.get_connection(command_name, **options)
                              ^^^^^^^^^^^^^^^^^^^^^^^^^^^^^^^^^^^^^^^^^^^^
  File "C:\Users\Administrator\AppData\Local\Programs\Python\Python312\Lib\site-packages\redis\connection.py", line 1074, in get_connection
    connection.connect()
  File "C:\Users\Administrator\AppData\Local\Programs\Python\Python312\Lib\site-packages\redis\connection.py", line 283, in connect
    raise ConnectionError(self._error_message(e))
redis.exceptions.ConnectionError: Error 10061 connecting to localhost:6379. No connection could be made because the target machine actively refused it.
ERROR:app:Exception on / [GET]
Traceback (most recent call last):
  File "C:\Users\luis.vieira\Documents\GitHub\Flask4\.venv\Lib\site-packages\redis\connection.py", line 277, in connect
    sock = self.retry.call_with_retry(
           ^^^^^^^^^^^^^^^^^^^^^^^^^^^
  File "C:\Users\luis.vieira\Documents\GitHub\Flask4\.venv\Lib\site-packages\redis\retry.py", line 62, in call_with_retry
    return do()
           ^^^^
  File "C:\Users\luis.vieira\Documents\GitHub\Flask4\.venv\Lib\site-packages\redis\connection.py", line 278, in <lambda>
    lambda: self._connect(), lambda error: self.disconnect(error)
            ^^^^^^^^^^^^^^^
  File "C:\Users\luis.vieira\Documents\GitHub\Flask4\.venv\Lib\site-packages\redis\connection.py", line 639, in _connect
    raise err
  File "C:\Users\luis.vieira\Documents\GitHub\Flask4\.venv\Lib\site-packages\redis\connection.py", line 627, in _connect
    sock.connect(socket_address)
ConnectionRefusedError: [WinError 10061] Nenhuma conexão pôde ser feita porque a máquina de destino as recusou ativamente

During handling of the above exception, another exception occurred:

Traceback (most recent call last):
  File "C:\Users\luis.vieira\Documents\GitHub\Flask4\.venv\Lib\site-packages\flask\app.py", line 1473, in wsgi_app
    response = self.full_dispatch_request()
               ^^^^^^^^^^^^^^^^^^^^^^^^^^^^
  File "C:\Users\luis.vieira\Documents\GitHub\Flask4\.venv\Lib\site-packages\flask\app.py", line 882, in full_dispatch_request
    rv = self.handle_user_exception(e)
         ^^^^^^^^^^^^^^^^^^^^^^^^^^^^^
  File "C:\Users\luis.vieira\Documents\GitHub\Flask4\.venv\Lib\site-packages\flask\app.py", line 878, in full_dispatch_request
    rv = self.preprocess_request()
         ^^^^^^^^^^^^^^^^^^^^^^^^^
  File "C:\Users\luis.vieira\Documents\GitHub\Flask4\.venv\Lib\site-packages\flask\app.py", line 1253, in preprocess_request
    rv = self.ensure_sync(before_func)()
         ^^^^^^^^^^^^^^^^^^^^^^^^^^^^^^^
  File "C:\Users\luis.vieira\Documents\GitHub\Flask4\.venv\Lib\site-packages\flask_limiter\extension.py", line 1176, in _check_request_limit
    raise e
  File "C:\Users\luis.vieira\Documents\GitHub\Flask4\.venv\Lib\site-packages\flask_limiter\extension.py", line 1157, in _check_request_limit
    self.__evaluate_limits(endpoint, all_limits)
  File "C:\Users\luis.vieira\Documents\GitHub\Flask4\.venv\Lib\site-packages\flask_limiter\extension.py", line 1094, in __evaluate_limits
    if not method(lim.limit, *args, **kwargs):
           ^^^^^^^^^^^^^^^^^^^^^^^^^^^^^^^^^^
  File "C:\Users\luis.vieira\Documents\GitHub\Flask4\.venv\Lib\site-packages\limits\strategies.py", line 140, in hit
    self.storage.incr(
  File "C:\Users\luis.vieira\Documents\GitHub\Flask4\.venv\Lib\site-packages\limits\storage\base.py", line 27, in inner
    return fn(*args, **kwargs)
           ^^^^^^^^^^^^^^^^^^^
  File "C:\Users\luis.vieira\Documents\GitHub\Flask4\.venv\Lib\site-packages\limits\storage\redis.py", line 209, in incr
    return int(self.lua_incr_expire([key], [expiry, amount]))
               ^^^^^^^^^^^^^^^^^^^^^^^^^^^^^^^^^^^^^^^^^^^^^
  File "C:\Users\luis.vieira\Documents\GitHub\Flask4\.venv\Lib\site-packages\redis\commands\core.py", line 6296, in __call__
    return client.evalsha(self.sha, len(keys), *args)
           ^^^^^^^^^^^^^^^^^^^^^^^^^^^^^^^^^^^^^^^^^^
  File "C:\Users\luis.vieira\Documents\GitHub\Flask4\.venv\Lib\site-packages\redis\commands\core.py", line 5672, in evalsha
    return self._evalsha("EVALSHA", sha, numkeys, *keys_and_args)
           ^^^^^^^^^^^^^^^^^^^^^^^^^^^^^^^^^^^^^^^^^^^^^^^^^^^^^^
  File "C:\Users\luis.vieira\Documents\GitHub\Flask4\.venv\Lib\site-packages\redis\commands\core.py", line 5656, in _evalsha
    return self.execute_command(command, sha, numkeys, *keys_and_args)
           ^^^^^^^^^^^^^^^^^^^^^^^^^^^^^^^^^^^^^^^^^^^^^^^^^^^^^^^^^^^
  File "C:\Users\luis.vieira\Documents\GitHub\Flask4\.venv\Lib\site-packages\redis\client.py", line 545, in execute_command
    conn = self.connection or pool.get_connection(command_name, **options)
                              ^^^^^^^^^^^^^^^^^^^^^^^^^^^^^^^^^^^^^^^^^^^^
  File "C:\Users\luis.vieira\Documents\GitHub\Flask4\.venv\Lib\site-packages\redis\connection.py", line 1074, in get_connection
    connection.connect()
  File "C:\Users\luis.vieira\Documents\GitHub\Flask4\.venv\Lib\site-packages\redis\connection.py", line 283, in connect
    raise ConnectionError(self._error_message(e))
redis.exceptions.ConnectionError: Error 10061 connecting to localhost:6379. Nenhuma conexão pôde ser feita porque a máquina de destino as recusou ativamente.
ERROR:app:Exception on / [GET]
Traceback (most recent call last):
  File "C:\Users\luis.vieira\Documents\GitHub\Flask4\.venv\Lib\site-packages\redis\connection.py", line 277, in connect
    sock = self.retry.call_with_retry(
           ^^^^^^^^^^^^^^^^^^^^^^^^^^^
  File "C:\Users\luis.vieira\Documents\GitHub\Flask4\.venv\Lib\site-packages\redis\retry.py", line 62, in call_with_retry
    return do()
           ^^^^
  File "C:\Users\luis.vieira\Documents\GitHub\Flask4\.venv\Lib\site-packages\redis\connection.py", line 278, in <lambda>
    lambda: self._connect(), lambda error: self.disconnect(error)
            ^^^^^^^^^^^^^^^
  File "C:\Users\luis.vieira\Documents\GitHub\Flask4\.venv\Lib\site-packages\redis\connection.py", line 639, in _connect
    raise err
  File "C:\Users\luis.vieira\Documents\GitHub\Flask4\.venv\Lib\site-packages\redis\connection.py", line 627, in _connect
    sock.connect(socket_address)
ConnectionRefusedError: [WinError 10061] Nenhuma conexão pôde ser feita porque a máquina de destino as recusou ativamente

During handling of the above exception, another exception occurred:

Traceback (most recent call last):
  File "C:\Users\luis.vieira\Documents\GitHub\Flask4\.venv\Lib\site-packages\flask\app.py", line 1473, in wsgi_app
    response = self.full_dispatch_request()
               ^^^^^^^^^^^^^^^^^^^^^^^^^^^^
  File "C:\Users\luis.vieira\Documents\GitHub\Flask4\.venv\Lib\site-packages\flask\app.py", line 882, in full_dispatch_request
    rv = self.handle_user_exception(e)
         ^^^^^^^^^^^^^^^^^^^^^^^^^^^^^
  File "C:\Users\luis.vieira\Documents\GitHub\Flask4\.venv\Lib\site-packages\flask\app.py", line 878, in full_dispatch_request
    rv = self.preprocess_request()
         ^^^^^^^^^^^^^^^^^^^^^^^^^
  File "C:\Users\luis.vieira\Documents\GitHub\Flask4\.venv\Lib\site-packages\flask\app.py", line 1253, in preprocess_request
    rv = self.ensure_sync(before_func)()
         ^^^^^^^^^^^^^^^^^^^^^^^^^^^^^^^
  File "C:\Users\luis.vieira\Documents\GitHub\Flask4\.venv\Lib\site-packages\flask_limiter\extension.py", line 1176, in _check_request_limit
    raise e
  File "C:\Users\luis.vieira\Documents\GitHub\Flask4\.venv\Lib\site-packages\flask_limiter\extension.py", line 1157, in _check_request_limit
    self.__evaluate_limits(endpoint, all_limits)
  File "C:\Users\luis.vieira\Documents\GitHub\Flask4\.venv\Lib\site-packages\flask_limiter\extension.py", line 1094, in __evaluate_limits
    if not method(lim.limit, *args, **kwargs):
           ^^^^^^^^^^^^^^^^^^^^^^^^^^^^^^^^^^
  File "C:\Users\luis.vieira\Documents\GitHub\Flask4\.venv\Lib\site-packages\limits\strategies.py", line 140, in hit
    self.storage.incr(
  File "C:\Users\luis.vieira\Documents\GitHub\Flask4\.venv\Lib\site-packages\limits\storage\base.py", line 27, in inner
    return fn(*args, **kwargs)
           ^^^^^^^^^^^^^^^^^^^
  File "C:\Users\luis.vieira\Documents\GitHub\Flask4\.venv\Lib\site-packages\limits\storage\redis.py", line 209, in incr
    return int(self.lua_incr_expire([key], [expiry, amount]))
               ^^^^^^^^^^^^^^^^^^^^^^^^^^^^^^^^^^^^^^^^^^^^^
  File "C:\Users\luis.vieira\Documents\GitHub\Flask4\.venv\Lib\site-packages\redis\commands\core.py", line 6296, in __call__
    return client.evalsha(self.sha, len(keys), *args)
           ^^^^^^^^^^^^^^^^^^^^^^^^^^^^^^^^^^^^^^^^^^
  File "C:\Users\luis.vieira\Documents\GitHub\Flask4\.venv\Lib\site-packages\redis\commands\core.py", line 5672, in evalsha
    return self._evalsha("EVALSHA", sha, numkeys, *keys_and_args)
           ^^^^^^^^^^^^^^^^^^^^^^^^^^^^^^^^^^^^^^^^^^^^^^^^^^^^^^
  File "C:\Users\luis.vieira\Documents\GitHub\Flask4\.venv\Lib\site-packages\redis\commands\core.py", line 5656, in _evalsha
    return self.execute_command(command, sha, numkeys, *keys_and_args)
           ^^^^^^^^^^^^^^^^^^^^^^^^^^^^^^^^^^^^^^^^^^^^^^^^^^^^^^^^^^^
  File "C:\Users\luis.vieira\Documents\GitHub\Flask4\.venv\Lib\site-packages\redis\client.py", line 545, in execute_command
    conn = self.connection or pool.get_connection(command_name, **options)
                              ^^^^^^^^^^^^^^^^^^^^^^^^^^^^^^^^^^^^^^^^^^^^
  File "C:\Users\luis.vieira\Documents\GitHub\Flask4\.venv\Lib\site-packages\redis\connection.py", line 1074, in get_connection
    connection.connect()
  File "C:\Users\luis.vieira\Documents\GitHub\Flask4\.venv\Lib\site-packages\redis\connection.py", line 283, in connect
    raise ConnectionError(self._error_message(e))
redis.exceptions.ConnectionError: Error 10061 connecting to localhost:6379. Nenhuma conexão pôde ser feita porque a máquina de destino as recusou ativamente.
ERROR:app:Exception on / [GET]
Traceback (most recent call last):
  File "C:\Users\luis.vieira\Documents\GitHub\Flask4\.venv\Lib\site-packages\redis\connection.py", line 277, in connect
    sock = self.retry.call_with_retry(
           ^^^^^^^^^^^^^^^^^^^^^^^^^^^
  File "C:\Users\luis.vieira\Documents\GitHub\Flask4\.venv\Lib\site-packages\redis\retry.py", line 62, in call_with_retry
    return do()
           ^^^^
  File "C:\Users\luis.vieira\Documents\GitHub\Flask4\.venv\Lib\site-packages\redis\connection.py", line 278, in <lambda>
    lambda: self._connect(), lambda error: self.disconnect(error)
            ^^^^^^^^^^^^^^^
  File "C:\Users\luis.vieira\Documents\GitHub\Flask4\.venv\Lib\site-packages\redis\connection.py", line 639, in _connect
    raise err
  File "C:\Users\luis.vieira\Documents\GitHub\Flask4\.venv\Lib\site-packages\redis\connection.py", line 627, in _connect
    sock.connect(socket_address)
ConnectionRefusedError: [WinError 10061] Nenhuma conexão pôde ser feita porque a máquina de destino as recusou ativamente

During handling of the above exception, another exception occurred:

Traceback (most recent call last):
  File "C:\Users\luis.vieira\Documents\GitHub\Flask4\.venv\Lib\site-packages\flask\app.py", line 1473, in wsgi_app
    response = self.full_dispatch_request()
               ^^^^^^^^^^^^^^^^^^^^^^^^^^^^
  File "C:\Users\luis.vieira\Documents\GitHub\Flask4\.venv\Lib\site-packages\flask\app.py", line 882, in full_dispatch_request
    rv = self.handle_user_exception(e)
         ^^^^^^^^^^^^^^^^^^^^^^^^^^^^^
  File "C:\Users\luis.vieira\Documents\GitHub\Flask4\.venv\Lib\site-packages\flask\app.py", line 878, in full_dispatch_request
    rv = self.preprocess_request()
         ^^^^^^^^^^^^^^^^^^^^^^^^^
  File "C:\Users\luis.vieira\Documents\GitHub\Flask4\.venv\Lib\site-packages\flask\app.py", line 1253, in preprocess_request
    rv = self.ensure_sync(before_func)()
         ^^^^^^^^^^^^^^^^^^^^^^^^^^^^^^^
  File "C:\Users\luis.vieira\Documents\GitHub\Flask4\.venv\Lib\site-packages\flask_limiter\extension.py", line 1176, in _check_request_limit
    raise e
  File "C:\Users\luis.vieira\Documents\GitHub\Flask4\.venv\Lib\site-packages\flask_limiter\extension.py", line 1157, in _check_request_limit
    self.__evaluate_limits(endpoint, all_limits)
  File "C:\Users\luis.vieira\Documents\GitHub\Flask4\.venv\Lib\site-packages\flask_limiter\extension.py", line 1094, in __evaluate_limits
    if not method(lim.limit, *args, **kwargs):
           ^^^^^^^^^^^^^^^^^^^^^^^^^^^^^^^^^^
  File "C:\Users\luis.vieira\Documents\GitHub\Flask4\.venv\Lib\site-packages\limits\strategies.py", line 140, in hit
    self.storage.incr(
  File "C:\Users\luis.vieira\Documents\GitHub\Flask4\.venv\Lib\site-packages\limits\storage\base.py", line 27, in inner
    return fn(*args, **kwargs)
           ^^^^^^^^^^^^^^^^^^^
  File "C:\Users\luis.vieira\Documents\GitHub\Flask4\.venv\Lib\site-packages\limits\storage\redis.py", line 209, in incr
    return int(self.lua_incr_expire([key], [expiry, amount]))
               ^^^^^^^^^^^^^^^^^^^^^^^^^^^^^^^^^^^^^^^^^^^^^
  File "C:\Users\luis.vieira\Documents\GitHub\Flask4\.venv\Lib\site-packages\redis\commands\core.py", line 6296, in __call__
    return client.evalsha(self.sha, len(keys), *args)
           ^^^^^^^^^^^^^^^^^^^^^^^^^^^^^^^^^^^^^^^^^^
  File "C:\Users\luis.vieira\Documents\GitHub\Flask4\.venv\Lib\site-packages\redis\commands\core.py", line 5672, in evalsha
    return self._evalsha("EVALSHA", sha, numkeys, *keys_and_args)
           ^^^^^^^^^^^^^^^^^^^^^^^^^^^^^^^^^^^^^^^^^^^^^^^^^^^^^^
  File "C:\Users\luis.vieira\Documents\GitHub\Flask4\.venv\Lib\site-packages\redis\commands\core.py", line 5656, in _evalsha
    return self.execute_command(command, sha, numkeys, *keys_and_args)
           ^^^^^^^^^^^^^^^^^^^^^^^^^^^^^^^^^^^^^^^^^^^^^^^^^^^^^^^^^^^
  File "C:\Users\luis.vieira\Documents\GitHub\Flask4\.venv\Lib\site-packages\redis\client.py", line 545, in execute_command
    conn = self.connection or pool.get_connection(command_name, **options)
                              ^^^^^^^^^^^^^^^^^^^^^^^^^^^^^^^^^^^^^^^^^^^^
  File "C:\Users\luis.vieira\Documents\GitHub\Flask4\.venv\Lib\site-packages\redis\connection.py", line 1074, in get_connection
    connection.connect()
  File "C:\Users\luis.vieira\Documents\GitHub\Flask4\.venv\Lib\site-packages\redis\connection.py", line 283, in connect
    raise ConnectionError(self._error_message(e))
redis.exceptions.ConnectionError: Error 10061 connecting to localhost:6379. Nenhuma conexão pôde ser feita porque a máquina de destino as recusou ativamente.
ERROR:app:Exception on / [GET]
Traceback (most recent call last):
  File "C:\Users\luis.vieira\Documents\GitHub\Flask4\.venv\Lib\site-packages\redis\connection.py", line 277, in connect
    sock = self.retry.call_with_retry(
           ^^^^^^^^^^^^^^^^^^^^^^^^^^^
  File "C:\Users\luis.vieira\Documents\GitHub\Flask4\.venv\Lib\site-packages\redis\retry.py", line 62, in call_with_retry
    return do()
           ^^^^
  File "C:\Users\luis.vieira\Documents\GitHub\Flask4\.venv\Lib\site-packages\redis\connection.py", line 278, in <lambda>
    lambda: self._connect(), lambda error: self.disconnect(error)
            ^^^^^^^^^^^^^^^
  File "C:\Users\luis.vieira\Documents\GitHub\Flask4\.venv\Lib\site-packages\redis\connection.py", line 639, in _connect
    raise err
  File "C:\Users\luis.vieira\Documents\GitHub\Flask4\.venv\Lib\site-packages\redis\connection.py", line 627, in _connect
    sock.connect(socket_address)
ConnectionRefusedError: [WinError 10061] Nenhuma conexão pôde ser feita porque a máquina de destino as recusou ativamente

During handling of the above exception, another exception occurred:

Traceback (most recent call last):
  File "C:\Users\luis.vieira\Documents\GitHub\Flask4\.venv\Lib\site-packages\flask\app.py", line 1473, in wsgi_app
    response = self.full_dispatch_request()
               ^^^^^^^^^^^^^^^^^^^^^^^^^^^^
  File "C:\Users\luis.vieira\Documents\GitHub\Flask4\.venv\Lib\site-packages\flask\app.py", line 882, in full_dispatch_request
    rv = self.handle_user_exception(e)
         ^^^^^^^^^^^^^^^^^^^^^^^^^^^^^
  File "C:\Users\luis.vieira\Documents\GitHub\Flask4\.venv\Lib\site-packages\flask\app.py", line 878, in full_dispatch_request
    rv = self.preprocess_request()
         ^^^^^^^^^^^^^^^^^^^^^^^^^
  File "C:\Users\luis.vieira\Documents\GitHub\Flask4\.venv\Lib\site-packages\flask\app.py", line 1253, in preprocess_request
    rv = self.ensure_sync(before_func)()
         ^^^^^^^^^^^^^^^^^^^^^^^^^^^^^^^
  File "C:\Users\luis.vieira\Documents\GitHub\Flask4\.venv\Lib\site-packages\flask_limiter\extension.py", line 1176, in _check_request_limit
    raise e
  File "C:\Users\luis.vieira\Documents\GitHub\Flask4\.venv\Lib\site-packages\flask_limiter\extension.py", line 1157, in _check_request_limit
    self.__evaluate_limits(endpoint, all_limits)
  File "C:\Users\luis.vieira\Documents\GitHub\Flask4\.venv\Lib\site-packages\flask_limiter\extension.py", line 1094, in __evaluate_limits
    if not method(lim.limit, *args, **kwargs):
           ^^^^^^^^^^^^^^^^^^^^^^^^^^^^^^^^^^
  File "C:\Users\luis.vieira\Documents\GitHub\Flask4\.venv\Lib\site-packages\limits\strategies.py", line 140, in hit
    self.storage.incr(
  File "C:\Users\luis.vieira\Documents\GitHub\Flask4\.venv\Lib\site-packages\limits\storage\base.py", line 27, in inner
    return fn(*args, **kwargs)
           ^^^^^^^^^^^^^^^^^^^
  File "C:\Users\luis.vieira\Documents\GitHub\Flask4\.venv\Lib\site-packages\limits\storage\redis.py", line 209, in incr
    return int(self.lua_incr_expire([key], [expiry, amount]))
               ^^^^^^^^^^^^^^^^^^^^^^^^^^^^^^^^^^^^^^^^^^^^^
  File "C:\Users\luis.vieira\Documents\GitHub\Flask4\.venv\Lib\site-packages\redis\commands\core.py", line 6296, in __call__
    return client.evalsha(self.sha, len(keys), *args)
           ^^^^^^^^^^^^^^^^^^^^^^^^^^^^^^^^^^^^^^^^^^
  File "C:\Users\luis.vieira\Documents\GitHub\Flask4\.venv\Lib\site-packages\redis\commands\core.py", line 5672, in evalsha
    return self._evalsha("EVALSHA", sha, numkeys, *keys_and_args)
           ^^^^^^^^^^^^^^^^^^^^^^^^^^^^^^^^^^^^^^^^^^^^^^^^^^^^^^
  File "C:\Users\luis.vieira\Documents\GitHub\Flask4\.venv\Lib\site-packages\redis\commands\core.py", line 5656, in _evalsha
    return self.execute_command(command, sha, numkeys, *keys_and_args)
           ^^^^^^^^^^^^^^^^^^^^^^^^^^^^^^^^^^^^^^^^^^^^^^^^^^^^^^^^^^^
  File "C:\Users\luis.vieira\Documents\GitHub\Flask4\.venv\Lib\site-packages\redis\client.py", line 545, in execute_command
    conn = self.connection or pool.get_connection(command_name, **options)
                              ^^^^^^^^^^^^^^^^^^^^^^^^^^^^^^^^^^^^^^^^^^^^
  File "C:\Users\luis.vieira\Documents\GitHub\Flask4\.venv\Lib\site-packages\redis\connection.py", line 1074, in get_connection
    connection.connect()
  File "C:\Users\luis.vieira\Documents\GitHub\Flask4\.venv\Lib\site-packages\redis\connection.py", line 283, in connect
    raise ConnectionError(self._error_message(e))
redis.exceptions.ConnectionError: Error 10061 connecting to localhost:6379. Nenhuma conexão pôde ser feita porque a máquina de destino as recusou ativamente.
ERROR:app:Exception on / [GET]
Traceback (most recent call last):
  File "C:\Users\luis.vieira\Documents\GitHub\Flask4\.venv\Lib\site-packages\redis\connection.py", line 277, in connect
    sock = self.retry.call_with_retry(
           ^^^^^^^^^^^^^^^^^^^^^^^^^^^
  File "C:\Users\luis.vieira\Documents\GitHub\Flask4\.venv\Lib\site-packages\redis\retry.py", line 62, in call_with_retry
    return do()
           ^^^^
  File "C:\Users\luis.vieira\Documents\GitHub\Flask4\.venv\Lib\site-packages\redis\connection.py", line 278, in <lambda>
    lambda: self._connect(), lambda error: self.disconnect(error)
            ^^^^^^^^^^^^^^^
  File "C:\Users\luis.vieira\Documents\GitHub\Flask4\.venv\Lib\site-packages\redis\connection.py", line 639, in _connect
    raise err
  File "C:\Users\luis.vieira\Documents\GitHub\Flask4\.venv\Lib\site-packages\redis\connection.py", line 627, in _connect
    sock.connect(socket_address)
ConnectionRefusedError: [WinError 10061] Nenhuma conexão pôde ser feita porque a máquina de destino as recusou ativamente

During handling of the above exception, another exception occurred:

Traceback (most recent call last):
  File "C:\Users\luis.vieira\Documents\GitHub\Flask4\.venv\Lib\site-packages\flask\app.py", line 1473, in wsgi_app
    response = self.full_dispatch_request()
               ^^^^^^^^^^^^^^^^^^^^^^^^^^^^
  File "C:\Users\luis.vieira\Documents\GitHub\Flask4\.venv\Lib\site-packages\flask\app.py", line 882, in full_dispatch_request
    rv = self.handle_user_exception(e)
         ^^^^^^^^^^^^^^^^^^^^^^^^^^^^^
  File "C:\Users\luis.vieira\Documents\GitHub\Flask4\.venv\Lib\site-packages\flask\app.py", line 878, in full_dispatch_request
    rv = self.preprocess_request()
         ^^^^^^^^^^^^^^^^^^^^^^^^^
  File "C:\Users\luis.vieira\Documents\GitHub\Flask4\.venv\Lib\site-packages\flask\app.py", line 1253, in preprocess_request
    rv = self.ensure_sync(before_func)()
         ^^^^^^^^^^^^^^^^^^^^^^^^^^^^^^^
  File "C:\Users\luis.vieira\Documents\GitHub\Flask4\.venv\Lib\site-packages\flask_limiter\extension.py", line 1176, in _check_request_limit
    raise e
  File "C:\Users\luis.vieira\Documents\GitHub\Flask4\.venv\Lib\site-packages\flask_limiter\extension.py", line 1157, in _check_request_limit
    self.__evaluate_limits(endpoint, all_limits)
  File "C:\Users\luis.vieira\Documents\GitHub\Flask4\.venv\Lib\site-packages\flask_limiter\extension.py", line 1094, in __evaluate_limits
    if not method(lim.limit, *args, **kwargs):
           ^^^^^^^^^^^^^^^^^^^^^^^^^^^^^^^^^^
  File "C:\Users\luis.vieira\Documents\GitHub\Flask4\.venv\Lib\site-packages\limits\strategies.py", line 140, in hit
    self.storage.incr(
  File "C:\Users\luis.vieira\Documents\GitHub\Flask4\.venv\Lib\site-packages\limits\storage\base.py", line 27, in inner
    return fn(*args, **kwargs)
           ^^^^^^^^^^^^^^^^^^^
  File "C:\Users\luis.vieira\Documents\GitHub\Flask4\.venv\Lib\site-packages\limits\storage\redis.py", line 209, in incr
    return int(self.lua_incr_expire([key], [expiry, amount]))
               ^^^^^^^^^^^^^^^^^^^^^^^^^^^^^^^^^^^^^^^^^^^^^
  File "C:\Users\luis.vieira\Documents\GitHub\Flask4\.venv\Lib\site-packages\redis\commands\core.py", line 6296, in __call__
    return client.evalsha(self.sha, len(keys), *args)
           ^^^^^^^^^^^^^^^^^^^^^^^^^^^^^^^^^^^^^^^^^^
  File "C:\Users\luis.vieira\Documents\GitHub\Flask4\.venv\Lib\site-packages\redis\commands\core.py", line 5672, in evalsha
    return self._evalsha("EVALSHA", sha, numkeys, *keys_and_args)
           ^^^^^^^^^^^^^^^^^^^^^^^^^^^^^^^^^^^^^^^^^^^^^^^^^^^^^^
  File "C:\Users\luis.vieira\Documents\GitHub\Flask4\.venv\Lib\site-packages\redis\commands\core.py", line 5656, in _evalsha
    return self.execute_command(command, sha, numkeys, *keys_and_args)
           ^^^^^^^^^^^^^^^^^^^^^^^^^^^^^^^^^^^^^^^^^^^^^^^^^^^^^^^^^^^
  File "C:\Users\luis.vieira\Documents\GitHub\Flask4\.venv\Lib\site-packages\redis\client.py", line 545, in execute_command
    conn = self.connection or pool.get_connection(command_name, **options)
                              ^^^^^^^^^^^^^^^^^^^^^^^^^^^^^^^^^^^^^^^^^^^^
  File "C:\Users\luis.vieira\Documents\GitHub\Flask4\.venv\Lib\site-packages\redis\connection.py", line 1074, in get_connection
    connection.connect()
  File "C:\Users\luis.vieira\Documents\GitHub\Flask4\.venv\Lib\site-packages\redis\connection.py", line 283, in connect
    raise ConnectionError(self._error_message(e))
redis.exceptions.ConnectionError: Error 10061 connecting to localhost:6379. Nenhuma conexão pôde ser feita porque a máquina de destino as recusou ativamente.
ERROR:app:Exception on / [GET]
Traceback (most recent call last):
  File "C:\Users\luis.vieira\Documents\GitHub\Flask4\.venv\Lib\site-packages\redis\connection.py", line 277, in connect
    sock = self.retry.call_with_retry(
           ^^^^^^^^^^^^^^^^^^^^^^^^^^^
  File "C:\Users\luis.vieira\Documents\GitHub\Flask4\.venv\Lib\site-packages\redis\retry.py", line 62, in call_with_retry
    return do()
           ^^^^
  File "C:\Users\luis.vieira\Documents\GitHub\Flask4\.venv\Lib\site-packages\redis\connection.py", line 278, in <lambda>
    lambda: self._connect(), lambda error: self.disconnect(error)
            ^^^^^^^^^^^^^^^
  File "C:\Users\luis.vieira\Documents\GitHub\Flask4\.venv\Lib\site-packages\redis\connection.py", line 639, in _connect
    raise err
  File "C:\Users\luis.vieira\Documents\GitHub\Flask4\.venv\Lib\site-packages\redis\connection.py", line 627, in _connect
    sock.connect(socket_address)
ConnectionRefusedError: [WinError 10061] Nenhuma conexão pôde ser feita porque a máquina de destino as recusou ativamente

During handling of the above exception, another exception occurred:

Traceback (most recent call last):
  File "C:\Users\luis.vieira\Documents\GitHub\Flask4\.venv\Lib\site-packages\flask\app.py", line 1473, in wsgi_app
    response = self.full_dispatch_request()
               ^^^^^^^^^^^^^^^^^^^^^^^^^^^^
  File "C:\Users\luis.vieira\Documents\GitHub\Flask4\.venv\Lib\site-packages\flask\app.py", line 882, in full_dispatch_request
    rv = self.handle_user_exception(e)
         ^^^^^^^^^^^^^^^^^^^^^^^^^^^^^
  File "C:\Users\luis.vieira\Documents\GitHub\Flask4\.venv\Lib\site-packages\flask\app.py", line 878, in full_dispatch_request
    rv = self.preprocess_request()
         ^^^^^^^^^^^^^^^^^^^^^^^^^
  File "C:\Users\luis.vieira\Documents\GitHub\Flask4\.venv\Lib\site-packages\flask\app.py", line 1253, in preprocess_request
    rv = self.ensure_sync(before_func)()
         ^^^^^^^^^^^^^^^^^^^^^^^^^^^^^^^
  File "C:\Users\luis.vieira\Documents\GitHub\Flask4\.venv\Lib\site-packages\flask_limiter\extension.py", line 1176, in _check_request_limit
    raise e
  File "C:\Users\luis.vieira\Documents\GitHub\Flask4\.venv\Lib\site-packages\flask_limiter\extension.py", line 1157, in _check_request_limit
    self.__evaluate_limits(endpoint, all_limits)
  File "C:\Users\luis.vieira\Documents\GitHub\Flask4\.venv\Lib\site-packages\flask_limiter\extension.py", line 1094, in __evaluate_limits
    if not method(lim.limit, *args, **kwargs):
           ^^^^^^^^^^^^^^^^^^^^^^^^^^^^^^^^^^
  File "C:\Users\luis.vieira\Documents\GitHub\Flask4\.venv\Lib\site-packages\limits\strategies.py", line 140, in hit
    self.storage.incr(
  File "C:\Users\luis.vieira\Documents\GitHub\Flask4\.venv\Lib\site-packages\limits\storage\base.py", line 27, in inner
    return fn(*args, **kwargs)
           ^^^^^^^^^^^^^^^^^^^
  File "C:\Users\luis.vieira\Documents\GitHub\Flask4\.venv\Lib\site-packages\limits\storage\redis.py", line 209, in incr
    return int(self.lua_incr_expire([key], [expiry, amount]))
               ^^^^^^^^^^^^^^^^^^^^^^^^^^^^^^^^^^^^^^^^^^^^^
  File "C:\Users\luis.vieira\Documents\GitHub\Flask4\.venv\Lib\site-packages\redis\commands\core.py", line 6296, in __call__
    return client.evalsha(self.sha, len(keys), *args)
           ^^^^^^^^^^^^^^^^^^^^^^^^^^^^^^^^^^^^^^^^^^
  File "C:\Users\luis.vieira\Documents\GitHub\Flask4\.venv\Lib\site-packages\redis\commands\core.py", line 5672, in evalsha
    return self._evalsha("EVALSHA", sha, numkeys, *keys_and_args)
           ^^^^^^^^^^^^^^^^^^^^^^^^^^^^^^^^^^^^^^^^^^^^^^^^^^^^^^
  File "C:\Users\luis.vieira\Documents\GitHub\Flask4\.venv\Lib\site-packages\redis\commands\core.py", line 5656, in _evalsha
    return self.execute_command(command, sha, numkeys, *keys_and_args)
           ^^^^^^^^^^^^^^^^^^^^^^^^^^^^^^^^^^^^^^^^^^^^^^^^^^^^^^^^^^^
  File "C:\Users\luis.vieira\Documents\GitHub\Flask4\.venv\Lib\site-packages\redis\client.py", line 545, in execute_command
    conn = self.connection or pool.get_connection(command_name, **options)
                              ^^^^^^^^^^^^^^^^^^^^^^^^^^^^^^^^^^^^^^^^^^^^
  File "C:\Users\luis.vieira\Documents\GitHub\Flask4\.venv\Lib\site-packages\redis\connection.py", line 1074, in get_connection
    connection.connect()
  File "C:\Users\luis.vieira\Documents\GitHub\Flask4\.venv\Lib\site-packages\redis\connection.py", line 283, in connect
    raise ConnectionError(self._error_message(e))
redis.exceptions.ConnectionError: Error 10061 connecting to localhost:6379. Nenhuma conexão pôde ser feita porque a máquina de destino as recusou ativamente.
ERROR:root:Server Error: Traceback (most recent call last):
  File "C:\Users\luis.vieira\Documents\GitHub\Flask4\.venv\Lib\site-packages\flask\app.py", line 880, in full_dispatch_request
    rv = self.dispatch_request()
         ^^^^^^^^^^^^^^^^^^^^^^^
  File "C:\Users\luis.vieira\Documents\GitHub\Flask4\.venv\Lib\site-packages\flask\app.py", line 865, in dispatch_request
    return self.ensure_sync(self.view_functions[rule.endpoint])(**view_args)  # type: ignore[no-any-return]
           ^^^^^^^^^^^^^^^^^^^^^^^^^^^^^^^^^^^^^^^^^^^^^^^^^^^^^^^^^^^^^^^^^
  File "C:\Users\luis.vieira\Documents\GitHub\Flask4\.venv\Lib\site-packages\flask_limiter\extension.py", line 1303, in __inner
    return cast(R, flask.current_app.ensure_sync(obj)(*a, **k))
                   ^^^^^^^^^^^^^^^^^^^^^^^^^^^^^^^^^^^^^^^^^^^
  File "C:\Users\luis.vieira\Documents\GitHub\Flask4\app.py", line 126, in login
    if user_data and bcrypt.checkpw(password.encode('utf-8'), user_data['password'].encode('utf-8')):
                     ^^^^^^^^^^^^^^^^^^^^^^^^^^^^^^^^^^^^^^^^^^^^^^^^^^^^^^^^^^^^^^^^^^^^^^^^^^^^^^^
ValueError: Invalid salt

ERROR:root:Server Error: Traceback (most recent call last):
  File "C:\Users\luis.vieira\Documents\GitHub\Flask4\.venv\Lib\site-packages\flask\app.py", line 880, in full_dispatch_request
    rv = self.dispatch_request()
         ^^^^^^^^^^^^^^^^^^^^^^^
  File "C:\Users\luis.vieira\Documents\GitHub\Flask4\.venv\Lib\site-packages\flask\app.py", line 865, in dispatch_request
    return self.ensure_sync(self.view_functions[rule.endpoint])(**view_args)  # type: ignore[no-any-return]
           ^^^^^^^^^^^^^^^^^^^^^^^^^^^^^^^^^^^^^^^^^^^^^^^^^^^^^^^^^^^^^^^^^
  File "C:\Users\luis.vieira\Documents\GitHub\Flask4\.venv\Lib\site-packages\flask_limiter\extension.py", line 1303, in __inner
    return cast(R, flask.current_app.ensure_sync(obj)(*a, **k))
                   ^^^^^^^^^^^^^^^^^^^^^^^^^^^^^^^^^^^^^^^^^^^
  File "C:\Users\luis.vieira\Documents\GitHub\Flask4\app.py", line 126, in login
    if user_data and bcrypt.checkpw(password.encode('utf-8'), user_data['password'].encode('utf-8')):
                     ^^^^^^^^^^^^^^^^^^^^^^^^^^^^^^^^^^^^^^^^^^^^^^^^^^^^^^^^^^^^^^^^^^^^^^^^^^^^^^^
ValueError: Invalid salt

